2023-10-16T10:11:43.996+05:30  INFO 36108 --- [restartedMain] c.example.demo.EurekaServerApplication   : Starting EurekaServerApplication using Java 17.0.6 with PID 36108 (C:\Users\Archana\Documents\workspace-spring-tool-suite-4-4.17.2.RELEASE\Eurekaserver\target\classes started by Archana in C:\Users\Archana\Documents\workspace-spring-tool-suite-4-4.17.2.RELEASE\Eurekaserver)
2023-10-16T10:11:44.002+05:30  INFO 36108 --- [restartedMain] c.example.demo.EurekaServerApplication   : No active profile set, falling back to 1 default profile: "default"
2023-10-16T10:11:44.081+05:30  INFO 36108 --- [restartedMain] .e.DevToolsPropertyDefaultsPostProcessor : Devtools property defaults active! Set 'spring.devtools.add-properties' to 'false' to disable
2023-10-16T10:11:44.081+05:30  INFO 36108 --- [restartedMain] .e.DevToolsPropertyDefaultsPostProcessor : For additional web related logging consider setting the 'logging.level.web' property to 'DEBUG'
2023-10-16T10:11:44.957+05:30  INFO 36108 --- [restartedMain] .s.d.r.c.RepositoryConfigurationDelegate : Bootstrapping Spring Data JPA repositories in DEFAULT mode.
2023-10-16T10:11:44.982+05:30  INFO 36108 --- [restartedMain] .s.d.r.c.RepositoryConfigurationDelegate : Finished Spring Data repository scanning in 12 ms. Found 0 JPA repository interfaces.
2023-10-16T10:11:45.195+05:30  INFO 36108 --- [restartedMain] o.s.cloud.context.scope.GenericScope     : BeanFactory id=3f72111a-b741-3861-b98d-742f9e115df3
2023-10-16T10:11:45.289+05:30  INFO 36108 --- [restartedMain] trationDelegate$BeanPostProcessorChecker : Bean 'org.springframework.ws.config.annotation.DelegatingWsConfiguration' of type [org.springframework.ws.config.annotation.DelegatingWsConfiguration$$SpringCGLIB$$0] is not eligible for getting processed by all BeanPostProcessors (for example: not eligible for auto-proxying)
2023-10-16T10:11:45.340+05:30  INFO 36108 --- [restartedMain] .w.s.a.s.AnnotationActionEndpointMapping : Supporting [WS-Addressing August 2004, WS-Addressing 1.0]
2023-10-16T10:11:45.803+05:30  INFO 36108 --- [restartedMain] o.s.b.w.embedded.tomcat.TomcatWebServer  : Tomcat initialized with port(s): 8761 (http)
2023-10-16T10:11:45.816+05:30  INFO 36108 --- [restartedMain] o.apache.catalina.core.StandardService   : Starting service [Tomcat]
2023-10-16T10:11:45.816+05:30  INFO 36108 --- [restartedMain] o.apache.catalina.core.StandardEngine    : Starting Servlet engine: [Apache Tomcat/10.1.13]
2023-10-16T10:11:45.886+05:30  INFO 36108 --- [restartedMain] o.a.c.c.C.[Tomcat].[localhost].[/]       : Initializing Spring embedded WebApplicationContext
2023-10-16T10:11:45.886+05:30  INFO 36108 --- [restartedMain] w.s.c.ServletWebServerApplicationContext : Root WebApplicationContext: initialization completed in 1782 ms
2023-10-16T10:11:46.565+05:30  INFO 36108 --- [restartedMain] c.n.d.provider.DiscoveryJerseyProvider   : Using JSON encoding codec LegacyJacksonJson
2023-10-16T10:11:46.567+05:30  INFO 36108 --- [restartedMain] c.n.d.provider.DiscoveryJerseyProvider   : Using JSON decoding codec LegacyJacksonJson
2023-10-16T10:11:46.711+05:30  INFO 36108 --- [restartedMain] c.n.d.provider.DiscoveryJerseyProvider   : Using XML encoding codec XStreamXml
2023-10-16T10:11:46.711+05:30  INFO 36108 --- [restartedMain] c.n.d.provider.DiscoveryJerseyProvider   : Using XML decoding codec XStreamXml
2023-10-16T10:11:46.871+05:30  INFO 36108 --- [restartedMain] o.hibernate.jpa.internal.util.LogHelper  : HHH000204: Processing PersistenceUnitInfo [name: default]
2023-10-16T10:11:46.949+05:30  INFO 36108 --- [restartedMain] org.hibernate.Version                    : HHH000412: Hibernate ORM core version 6.2.9.Final
2023-10-16T10:11:46.952+05:30  INFO 36108 --- [restartedMain] org.hibernate.cfg.Environment            : HHH000406: Using bytecode reflection optimizer
2023-10-16T10:11:47.197+05:30  INFO 36108 --- [restartedMain] o.h.b.i.BytecodeProviderInitiator        : HHH000021: Bytecode provider name : bytebuddy
2023-10-16T10:11:47.402+05:30  INFO 36108 --- [restartedMain] o.s.o.j.p.SpringPersistenceUnitInfo      : No LoadTimeWeaver setup: ignoring JPA class transformer
2023-10-16T10:11:47.421+05:30  INFO 36108 --- [restartedMain] com.zaxxer.hikari.HikariDataSource       : HikariPool-1 - Starting...
2023-10-16T10:11:47.657+05:30  INFO 36108 --- [restartedMain] com.zaxxer.hikari.pool.HikariPool        : HikariPool-1 - Added connection com.mysql.cj.jdbc.ConnectionImpl@2faa74a
2023-10-16T10:11:47.659+05:30  INFO 36108 --- [restartedMain] com.zaxxer.hikari.HikariDataSource       : HikariPool-1 - Start completed.
2023-10-16T10:11:47.721+05:30  WARN 36108 --- [restartedMain] org.hibernate.orm.deprecation            : HHH90000026: MySQL8Dialect has been deprecated; use org.hibernate.dialect.MySQLDialect instead
2023-10-16T10:11:47.825+05:30  INFO 36108 --- [restartedMain] o.h.b.i.BytecodeProviderInitiator        : HHH000021: Bytecode provider name : bytebuddy
2023-10-16T10:11:48.036+05:30  INFO 36108 --- [restartedMain] o.h.e.t.j.p.i.JtaPlatformInitiator       : HHH000490: Using JtaPlatform implementation: [org.hibernate.engine.transaction.jta.platform.internal.NoJtaPlatform]
2023-10-16T10:11:48.040+05:30  INFO 36108 --- [restartedMain] j.LocalContainerEntityManagerFactoryBean : Initialized JPA EntityManagerFactory for persistence unit 'default'
2023-10-16T10:11:48.076+05:30  WARN 36108 --- [restartedMain] JpaBaseConfiguration$JpaWebConfiguration : spring.jpa.open-in-view is enabled by default. Therefore, database queries may be performed during view rendering. Explicitly configure spring.jpa.open-in-view to disable this warning
2023-10-16T10:11:48.726+05:30  WARN 36108 --- [restartedMain] o.s.b.d.a.OptionalLiveReloadServer       : Unable to start LiveReload server
2023-10-16T10:11:48.829+05:30  WARN 36108 --- [restartedMain] iguration$LoadBalancerCaffeineWarnLogger : Spring Cloud LoadBalancer is currently working with the default cache. While this cache implementation is useful for development and tests, it's recommended to use Caffeine cache in production.You can switch to using Caffeine cache, by adding it and org.springframework.cache.caffeine.CaffeineCacheManager to the classpath.
2023-10-16T10:11:48.847+05:30  INFO 36108 --- [restartedMain] o.s.c.n.eureka.InstanceInfoFactory       : Setting initial instance status as: STARTING
2023-10-16T10:11:48.879+05:30  INFO 36108 --- [restartedMain] com.netflix.discovery.DiscoveryClient    : Initializing Eureka in region us-east-1
2023-10-16T10:11:48.879+05:30  INFO 36108 --- [restartedMain] com.netflix.discovery.DiscoveryClient    : Client configured to neither register nor query for data.
2023-10-16T10:11:48.895+05:30  INFO 36108 --- [restartedMain] com.netflix.discovery.DiscoveryClient    : Discovery Client initialized at timestamp 1697431308894 with initial instances count: 0
2023-10-16T10:11:48.933+05:30  INFO 36108 --- [restartedMain] c.n.eureka.DefaultEurekaServerContext    : Initializing ...
2023-10-16T10:11:48.935+05:30  WARN 36108 --- [restartedMain] c.n.eureka.cluster.PeerEurekaNodes       : The replica size seems to be empty. Check the route 53 DNS Registry
2023-10-16T10:11:48.947+05:30  INFO 36108 --- [restartedMain] c.n.e.registry.AbstractInstanceRegistry  : Finished initializing remote region registries. All known remote regions: []
2023-10-16T10:11:48.948+05:30  INFO 36108 --- [restartedMain] c.n.eureka.DefaultEurekaServerContext    : Initialized
2023-10-16T10:11:48.953+05:30  INFO 36108 --- [restartedMain] o.s.b.a.e.web.EndpointLinksResolver      : Exposing 1 endpoint(s) beneath base path '/actuator'
2023-10-16T10:11:49.019+05:30  INFO 36108 --- [restartedMain] o.s.c.n.e.s.EurekaServiceRegistry        : Registering application UNKNOWN with eureka with status UP
2023-10-16T10:11:49.030+05:30  INFO 36108 --- [Thread-13] o.s.c.n.e.server.EurekaServerBootstrap   : isAws returned false
2023-10-16T10:11:49.030+05:30  INFO 36108 --- [Thread-13] o.s.c.n.e.server.EurekaServerBootstrap   : Initialized server context
2023-10-16T10:11:49.030+05:30  INFO 36108 --- [Thread-13] c.n.e.r.PeerAwareInstanceRegistryImpl    : Got 1 instances from neighboring DS node
2023-10-16T10:11:49.030+05:30  INFO 36108 --- [Thread-13] c.n.e.r.PeerAwareInstanceRegistryImpl    : Renew threshold is: 1
2023-10-16T10:11:49.031+05:30  INFO 36108 --- [Thread-13] c.n.e.r.PeerAwareInstanceRegistryImpl    : Changing status to UP
2023-10-16T10:11:49.037+05:30  INFO 36108 --- [Thread-13] e.s.EurekaServerInitializerConfiguration : Started Eureka Server
2023-10-16T10:11:49.048+05:30  INFO 36108 --- [restartedMain] o.s.b.w.embedded.tomcat.TomcatWebServer  : Tomcat started on port(s): 8761 (http) with context path ''
2023-10-16T10:11:49.049+05:30  INFO 36108 --- [restartedMain] .s.c.n.e.s.EurekaAutoServiceRegistration : Updating port to 8761
2023-10-16T10:11:49.153+05:30  INFO 36108 --- [restartedMain] c.example.demo.EurekaServerApplication   : Started EurekaServerApplication in 5.63 seconds (process running for 6.575)
2023-10-16T10:11:50.916+05:30  INFO 36108 --- [RMI TCP Connection(9)-127.0.0.1] o.a.c.c.C.[Tomcat].[localhost].[/]       : Initializing Spring DispatcherServlet 'dispatcherServlet'
2023-10-16T10:11:50.916+05:30  INFO 36108 --- [RMI TCP Connection(9)-127.0.0.1] o.s.web.servlet.DispatcherServlet        : Initializing Servlet 'dispatcherServlet'
2023-10-16T10:11:50.919+05:30  INFO 36108 --- [RMI TCP Connection(9)-127.0.0.1] o.s.web.servlet.DispatcherServlet        : Completed initialization in 2 ms
2023-10-16T10:12:49.032+05:30  INFO 36108 --- [Eureka-EvictionTimer] c.n.e.registry.AbstractInstanceRegistry  : Running the evict task with compensationTime 0ms
2023-10-16T10:12:57.296+05:30  INFO 36108 --- [http-nio-8761-exec-2] c.n.e.registry.AbstractInstanceRegistry  : Registered instance API-GATEWAY/LAPTOP-7B8PAC25:api-gateway:8999 with status UP (replication=false)
2023-10-16T10:13:31.960+05:30  INFO 36108 --- [http-nio-8761-exec-4] c.n.e.registry.AbstractInstanceRegistry  : Registered instance CONTACTUSSERVICE/LAPTOP-7B8PAC25:CONTACTUSSERVICE:8081 with status UP (replication=false)
2023-10-16T10:13:48.366+05:30  INFO 36108 --- [http-nio-8761-exec-4] c.n.e.registry.AbstractInstanceRegistry  : Registered instance USER_SERVICE/LAPTOP-7B8PAC25:USER_SERVICE:8084 with status UP (replication=false)
2023-10-16T10:13:49.043+05:30  INFO 36108 --- [Eureka-EvictionTimer] c.n.e.registry.AbstractInstanceRegistry  : Running the evict task with compensationTime 12ms
2023-10-16T10:14:49.049+05:30  INFO 36108 --- [Eureka-EvictionTimer] c.n.e.registry.AbstractInstanceRegistry  : Running the evict task with compensationTime 5ms
2023-10-16T10:15:49.052+05:30  INFO 36108 --- [Eureka-EvictionTimer] c.n.e.registry.AbstractInstanceRegistry  : Running the evict task with compensationTime 2ms
2023-10-16T10:16:49.066+05:30  INFO 36108 --- [Eureka-EvictionTimer] c.n.e.registry.AbstractInstanceRegistry  : Running the evict task with compensationTime 15ms
2023-10-16T10:17:49.081+05:30  INFO 36108 --- [Eureka-EvictionTimer] c.n.e.registry.AbstractInstanceRegistry  : Running the evict task with compensationTime 13ms
2023-10-16T10:18:49.229+05:30  INFO 36108 --- [Eureka-EvictionTimer] c.n.e.registry.AbstractInstanceRegistry  : Running the evict task with compensationTime 147ms
2023-10-16T10:19:49.231+05:30  INFO 36108 --- [Eureka-EvictionTimer] c.n.e.registry.AbstractInstanceRegistry  : Running the evict task with compensationTime 2ms
2023-10-16T10:20:49.239+05:30  INFO 36108 --- [Eureka-EvictionTimer] c.n.e.registry.AbstractInstanceRegistry  : Running the evict task with compensationTime 7ms
2023-10-16T10:21:48.950+05:30  WARN 36108 --- [Eureka-PeerNodesUpdater] c.n.eureka.cluster.PeerEurekaNodes       : The replica size seems to be empty. Check the route 53 DNS Registry
2023-10-16T10:21:49.247+05:30  INFO 36108 --- [Eureka-EvictionTimer] c.n.e.registry.AbstractInstanceRegistry  : Running the evict task with compensationTime 8ms
2023-10-16T10:22:49.260+05:30  INFO 36108 --- [Eureka-EvictionTimer] c.n.e.registry.AbstractInstanceRegistry  : Running the evict task with compensationTime 12ms
2023-10-16T10:23:49.270+05:30  INFO 36108 --- [Eureka-EvictionTimer] c.n.e.registry.AbstractInstanceRegistry  : Running the evict task with compensationTime 9ms
2023-10-16T10:24:49.270+05:30  INFO 36108 --- [Eureka-EvictionTimer] c.n.e.registry.AbstractInstanceRegistry  : Running the evict task with compensationTime 0ms
2023-10-16T10:25:49.271+05:30  INFO 36108 --- [Eureka-EvictionTimer] c.n.e.registry.AbstractInstanceRegistry  : Running the evict task with compensationTime 1ms
2023-10-16T10:26:48.957+05:30  INFO 36108 --- [ReplicaAwareInstanceRegistry - RenewalThresholdUpdater] c.n.e.r.PeerAwareInstanceRegistryImpl    : Current renewal threshold is : 6
2023-10-16T10:26:49.283+05:30  INFO 36108 --- [Eureka-EvictionTimer] c.n.e.registry.AbstractInstanceRegistry  : Running the evict task with compensationTime 11ms
2023-10-16T10:27:49.291+05:30  INFO 36108 --- [Eureka-EvictionTimer] c.n.e.registry.AbstractInstanceRegistry  : Running the evict task with compensationTime 7ms
2023-10-16T10:28:49.299+05:30  INFO 36108 --- [Eureka-EvictionTimer] c.n.e.registry.AbstractInstanceRegistry  : Running the evict task with compensationTime 9ms
2023-10-16T10:29:49.307+05:30  INFO 36108 --- [Eureka-EvictionTimer] c.n.e.registry.AbstractInstanceRegistry  : Running the evict task with compensationTime 6ms
2023-10-16T10:30:49.308+05:30  INFO 36108 --- [Eureka-EvictionTimer] c.n.e.registry.AbstractInstanceRegistry  : Running the evict task with compensationTime 0ms
2023-10-16T10:31:48.961+05:30  WARN 36108 --- [Eureka-PeerNodesUpdater] c.n.eureka.cluster.PeerEurekaNodes       : The replica size seems to be empty. Check the route 53 DNS Registry
2023-10-16T10:31:49.318+05:30  INFO 36108 --- [Eureka-EvictionTimer] c.n.e.registry.AbstractInstanceRegistry  : Running the evict task with compensationTime 9ms
2023-10-16T10:32:49.326+05:30  INFO 36108 --- [Eureka-EvictionTimer] c.n.e.registry.AbstractInstanceRegistry  : Running the evict task with compensationTime 8ms
2023-10-16T10:33:49.336+05:30  INFO 36108 --- [Eureka-EvictionTimer] c.n.e.registry.AbstractInstanceRegistry  : Running the evict task with compensationTime 9ms
2023-10-16T10:34:49.342+05:30  INFO 36108 --- [Eureka-EvictionTimer] c.n.e.registry.AbstractInstanceRegistry  : Running the evict task with compensationTime 6ms
2023-10-16T10:35:49.351+05:30  INFO 36108 --- [Eureka-EvictionTimer] c.n.e.registry.AbstractInstanceRegistry  : Running the evict task with compensationTime 9ms
2023-10-16T10:36:49.357+05:30  INFO 36108 --- [Eureka-EvictionTimer] c.n.e.registry.AbstractInstanceRegistry  : Running the evict task with compensationTime 5ms
2023-10-16T10:37:49.364+05:30  INFO 36108 --- [Eureka-EvictionTimer] c.n.e.registry.AbstractInstanceRegistry  : Running the evict task with compensationTime 7ms
2023-10-16T10:38:49.369+05:30  INFO 36108 --- [Eureka-EvictionTimer] c.n.e.registry.AbstractInstanceRegistry  : Running the evict task with compensationTime 4ms
2023-10-16T10:39:49.383+05:30  INFO 36108 --- [Eureka-EvictionTimer] c.n.e.registry.AbstractInstanceRegistry  : Running the evict task with compensationTime 14ms
2023-10-16T10:40:49.425+05:30  INFO 36108 --- [Eureka-EvictionTimer] c.n.e.registry.AbstractInstanceRegistry  : Running the evict task with compensationTime 41ms
2023-10-16T10:41:48.959+05:30  INFO 36108 --- [ReplicaAwareInstanceRegistry - RenewalThresholdUpdater] c.n.e.r.PeerAwareInstanceRegistryImpl    : Current renewal threshold is : 6
2023-10-16T10:41:48.975+05:30  WARN 36108 --- [Eureka-PeerNodesUpdater] c.n.eureka.cluster.PeerEurekaNodes       : The replica size seems to be empty. Check the route 53 DNS Registry
2023-10-16T10:41:49.429+05:30  INFO 36108 --- [Eureka-EvictionTimer] c.n.e.registry.AbstractInstanceRegistry  : Running the evict task with compensationTime 4ms
2023-10-16T10:42:49.429+05:30  INFO 36108 --- [Eureka-EvictionTimer] c.n.e.registry.AbstractInstanceRegistry  : Running the evict task with compensationTime 0ms
2023-10-16T10:43:49.429+05:30  INFO 36108 --- [Eureka-EvictionTimer] c.n.e.registry.AbstractInstanceRegistry  : Running the evict task with compensationTime 0ms
2023-10-16T10:44:49.429+05:30  INFO 36108 --- [Eureka-EvictionTimer] c.n.e.registry.AbstractInstanceRegistry  : Running the evict task with compensationTime 0ms
2023-10-16T10:45:49.430+05:30  INFO 36108 --- [Eureka-EvictionTimer] c.n.e.registry.AbstractInstanceRegistry  : Running the evict task with compensationTime 0ms
2023-10-16T10:46:49.430+05:30  INFO 36108 --- [Eureka-EvictionTimer] c.n.e.registry.AbstractInstanceRegistry  : Running the evict task with compensationTime 0ms
2023-10-16T10:47:49.430+05:30  INFO 36108 --- [Eureka-EvictionTimer] c.n.e.registry.AbstractInstanceRegistry  : Running the evict task with compensationTime 0ms
2023-10-16T10:48:49.430+05:30  INFO 36108 --- [Eureka-EvictionTimer] c.n.e.registry.AbstractInstanceRegistry  : Running the evict task with compensationTime 0ms
2023-10-16T10:49:49.431+05:30  INFO 36108 --- [Eureka-EvictionTimer] c.n.e.registry.AbstractInstanceRegistry  : Running the evict task with compensationTime 0ms
2023-10-16T10:50:49.431+05:30  INFO 36108 --- [Eureka-EvictionTimer] c.n.e.registry.AbstractInstanceRegistry  : Running the evict task with compensationTime 0ms
2023-10-16T10:51:48.983+05:30  WARN 36108 --- [Eureka-PeerNodesUpdater] c.n.eureka.cluster.PeerEurekaNodes       : The replica size seems to be empty. Check the route 53 DNS Registry
2023-10-16T10:51:49.432+05:30  INFO 36108 --- [Eureka-EvictionTimer] c.n.e.registry.AbstractInstanceRegistry  : Running the evict task with compensationTime 0ms
2023-10-16T10:52:49.432+05:30  INFO 36108 --- [Eureka-EvictionTimer] c.n.e.registry.AbstractInstanceRegistry  : Running the evict task with compensationTime 0ms
2023-10-16T10:53:49.432+05:30  INFO 36108 --- [Eureka-EvictionTimer] c.n.e.registry.AbstractInstanceRegistry  : Running the evict task with compensationTime 0ms
2023-10-16T10:54:49.433+05:30  INFO 36108 --- [Eureka-EvictionTimer] c.n.e.registry.AbstractInstanceRegistry  : Running the evict task with compensationTime 0ms
2023-10-16T10:55:49.433+05:30  INFO 36108 --- [Eureka-EvictionTimer] c.n.e.registry.AbstractInstanceRegistry  : Running the evict task with compensationTime 0ms
2023-10-16T10:56:48.975+05:30  INFO 36108 --- [ReplicaAwareInstanceRegistry - RenewalThresholdUpdater] c.n.e.r.PeerAwareInstanceRegistryImpl    : Current renewal threshold is : 6
2023-10-16T10:56:49.434+05:30  INFO 36108 --- [Eureka-EvictionTimer] c.n.e.registry.AbstractInstanceRegistry  : Running the evict task with compensationTime 0ms
2023-10-16T10:57:49.435+05:30  INFO 36108 --- [Eureka-EvictionTimer] c.n.e.registry.AbstractInstanceRegistry  : Running the evict task with compensationTime 0ms
2023-10-16T10:58:49.435+05:30  INFO 36108 --- [Eureka-EvictionTimer] c.n.e.registry.AbstractInstanceRegistry  : Running the evict task with compensationTime 1ms
2023-10-16T10:59:49.435+05:30  INFO 36108 --- [Eureka-EvictionTimer] c.n.e.registry.AbstractInstanceRegistry  : Running the evict task with compensationTime 0ms
2023-10-16T11:00:49.435+05:30  INFO 36108 --- [Eureka-EvictionTimer] c.n.e.registry.AbstractInstanceRegistry  : Running the evict task with compensationTime 0ms
2023-10-16T11:01:48.988+05:30  WARN 36108 --- [Eureka-PeerNodesUpdater] c.n.eureka.cluster.PeerEurekaNodes       : The replica size seems to be empty. Check the route 53 DNS Registry
2023-10-16T11:01:49.442+05:30  INFO 36108 --- [Eureka-EvictionTimer] c.n.e.registry.AbstractInstanceRegistry  : Running the evict task with compensationTime 7ms
2023-10-16T11:02:49.442+05:30  INFO 36108 --- [Eureka-EvictionTimer] c.n.e.registry.AbstractInstanceRegistry  : Running the evict task with compensationTime 0ms
2023-10-16T11:03:49.443+05:30  INFO 36108 --- [Eureka-EvictionTimer] c.n.e.registry.AbstractInstanceRegistry  : Running the evict task with compensationTime 0ms
2023-10-16T11:04:49.443+05:30  INFO 36108 --- [Eureka-EvictionTimer] c.n.e.registry.AbstractInstanceRegistry  : Running the evict task with compensationTime 0ms
2023-10-16T11:05:49.444+05:30  INFO 36108 --- [Eureka-EvictionTimer] c.n.e.registry.AbstractInstanceRegistry  : Running the evict task with compensationTime 0ms
2023-10-16T11:06:49.444+05:30  INFO 36108 --- [Eureka-EvictionTimer] c.n.e.registry.AbstractInstanceRegistry  : Running the evict task with compensationTime 0ms
2023-10-16T11:07:49.444+05:30  INFO 36108 --- [Eureka-EvictionTimer] c.n.e.registry.AbstractInstanceRegistry  : Running the evict task with compensationTime 0ms
2023-10-16T11:08:49.444+05:30  INFO 36108 --- [Eureka-EvictionTimer] c.n.e.registry.AbstractInstanceRegistry  : Running the evict task with compensationTime 0ms
2023-10-16T11:09:49.444+05:30  INFO 36108 --- [Eureka-EvictionTimer] c.n.e.registry.AbstractInstanceRegistry  : Running the evict task with compensationTime 0ms
2023-10-16T11:10:49.445+05:30  INFO 36108 --- [Eureka-EvictionTimer] c.n.e.registry.AbstractInstanceRegistry  : Running the evict task with compensationTime 0ms
2023-10-16T11:11:48.987+05:30  INFO 36108 --- [ReplicaAwareInstanceRegistry - RenewalThresholdUpdater] c.n.e.r.PeerAwareInstanceRegistryImpl    : Current renewal threshold is : 6
2023-10-16T11:11:48.992+05:30  WARN 36108 --- [Eureka-PeerNodesUpdater] c.n.eureka.cluster.PeerEurekaNodes       : The replica size seems to be empty. Check the route 53 DNS Registry
2023-10-16T11:11:49.445+05:30  INFO 36108 --- [Eureka-EvictionTimer] c.n.e.registry.AbstractInstanceRegistry  : Running the evict task with compensationTime 0ms
2023-10-16T11:12:49.446+05:30  INFO 36108 --- [Eureka-EvictionTimer] c.n.e.registry.AbstractInstanceRegistry  : Running the evict task with compensationTime 0ms
2023-10-16T11:13:49.446+05:30  INFO 36108 --- [Eureka-EvictionTimer] c.n.e.registry.AbstractInstanceRegistry  : Running the evict task with compensationTime 0ms
2023-10-16T11:14:49.447+05:30  INFO 36108 --- [Eureka-EvictionTimer] c.n.e.registry.AbstractInstanceRegistry  : Running the evict task with compensationTime 1ms
2023-10-16T11:15:49.448+05:30  INFO 36108 --- [Eureka-EvictionTimer] c.n.e.registry.AbstractInstanceRegistry  : Running the evict task with compensationTime 0ms
2023-10-16T11:16:49.448+05:30  INFO 36108 --- [Eureka-EvictionTimer] c.n.e.registry.AbstractInstanceRegistry  : Running the evict task with compensationTime 0ms
2023-10-16T11:17:49.449+05:30  INFO 36108 --- [Eureka-EvictionTimer] c.n.e.registry.AbstractInstanceRegistry  : Running the evict task with compensationTime 0ms
2023-10-16T11:18:49.449+05:30  INFO 36108 --- [Eureka-EvictionTimer] c.n.e.registry.AbstractInstanceRegistry  : Running the evict task with compensationTime 0ms
2023-10-16T11:19:49.449+05:30  INFO 36108 --- [Eureka-EvictionTimer] c.n.e.registry.AbstractInstanceRegistry  : Running the evict task with compensationTime 0ms
2023-10-16T11:20:49.450+05:30  INFO 36108 --- [Eureka-EvictionTimer] c.n.e.registry.AbstractInstanceRegistry  : Running the evict task with compensationTime 0ms
2023-10-16T11:21:49.001+05:30  WARN 36108 --- [Eureka-PeerNodesUpdater] c.n.eureka.cluster.PeerEurekaNodes       : The replica size seems to be empty. Check the route 53 DNS Registry
2023-10-16T11:21:49.451+05:30  INFO 36108 --- [Eureka-EvictionTimer] c.n.e.registry.AbstractInstanceRegistry  : Running the evict task with compensationTime 0ms
2023-10-16T11:22:49.451+05:30  INFO 36108 --- [Eureka-EvictionTimer] c.n.e.registry.AbstractInstanceRegistry  : Running the evict task with compensationTime 0ms
2023-10-16T11:23:49.451+05:30  INFO 36108 --- [Eureka-EvictionTimer] c.n.e.registry.AbstractInstanceRegistry  : Running the evict task with compensationTime 0ms
2023-10-16T11:24:49.452+05:30  INFO 36108 --- [Eureka-EvictionTimer] c.n.e.registry.AbstractInstanceRegistry  : Running the evict task with compensationTime 0ms
2023-10-16T11:25:49.452+05:30  INFO 36108 --- [Eureka-EvictionTimer] c.n.e.registry.AbstractInstanceRegistry  : Running the evict task with compensationTime 0ms
2023-10-16T11:26:48.986+05:30  INFO 36108 --- [ReplicaAwareInstanceRegistry - RenewalThresholdUpdater] c.n.e.r.PeerAwareInstanceRegistryImpl    : Current renewal threshold is : 6
2023-10-16T11:26:49.453+05:30  INFO 36108 --- [Eureka-EvictionTimer] c.n.e.registry.AbstractInstanceRegistry  : Running the evict task with compensationTime 0ms
2023-10-16T11:27:49.453+05:30  INFO 36108 --- [Eureka-EvictionTimer] c.n.e.registry.AbstractInstanceRegistry  : Running the evict task with compensationTime 0ms
2023-10-16T11:28:49.453+05:30  INFO 36108 --- [Eureka-EvictionTimer] c.n.e.registry.AbstractInstanceRegistry  : Running the evict task with compensationTime 0ms
2023-10-16T11:29:49.453+05:30  INFO 36108 --- [Eureka-EvictionTimer] c.n.e.registry.AbstractInstanceRegistry  : Running the evict task with compensationTime 0ms
2023-10-16T11:30:49.459+05:30  INFO 36108 --- [Eureka-EvictionTimer] c.n.e.registry.AbstractInstanceRegistry  : Running the evict task with compensationTime 6ms
2023-10-16T11:31:49.013+05:30  WARN 36108 --- [Eureka-PeerNodesUpdater] c.n.eureka.cluster.PeerEurekaNodes       : The replica size seems to be empty. Check the route 53 DNS Registry
2023-10-16T11:31:49.460+05:30  INFO 36108 --- [Eureka-EvictionTimer] c.n.e.registry.AbstractInstanceRegistry  : Running the evict task with compensationTime 0ms
2023-10-16T11:32:49.460+05:30  INFO 36108 --- [Eureka-EvictionTimer] c.n.e.registry.AbstractInstanceRegistry  : Running the evict task with compensationTime 0ms
2023-10-16T11:33:49.461+05:30  INFO 36108 --- [Eureka-EvictionTimer] c.n.e.registry.AbstractInstanceRegistry  : Running the evict task with compensationTime 0ms
2023-10-16T11:34:49.461+05:30  INFO 36108 --- [Eureka-EvictionTimer] c.n.e.registry.AbstractInstanceRegistry  : Running the evict task with compensationTime 0ms
2023-10-16T11:35:49.461+05:30  INFO 36108 --- [Eureka-EvictionTimer] c.n.e.registry.AbstractInstanceRegistry  : Running the evict task with compensationTime 0ms
2023-10-16T11:36:49.461+05:30  INFO 36108 --- [Eureka-EvictionTimer] c.n.e.registry.AbstractInstanceRegistry  : Running the evict task with compensationTime 0ms
2023-10-16T11:37:49.462+05:30  INFO 36108 --- [Eureka-EvictionTimer] c.n.e.registry.AbstractInstanceRegistry  : Running the evict task with compensationTime 0ms
2023-10-16T11:38:49.463+05:30  INFO 36108 --- [Eureka-EvictionTimer] c.n.e.registry.AbstractInstanceRegistry  : Running the evict task with compensationTime 0ms
2023-10-16T11:39:49.464+05:30  INFO 36108 --- [Eureka-EvictionTimer] c.n.e.registry.AbstractInstanceRegistry  : Running the evict task with compensationTime 1ms
2023-10-16T11:40:49.464+05:30  INFO 36108 --- [Eureka-EvictionTimer] c.n.e.registry.AbstractInstanceRegistry  : Running the evict task with compensationTime 0ms
2023-10-16T11:41:48.985+05:30  INFO 36108 --- [ReplicaAwareInstanceRegistry - RenewalThresholdUpdater] c.n.e.r.PeerAwareInstanceRegistryImpl    : Current renewal threshold is : 6
2023-10-16T11:41:49.018+05:30  WARN 36108 --- [Eureka-PeerNodesUpdater] c.n.eureka.cluster.PeerEurekaNodes       : The replica size seems to be empty. Check the route 53 DNS Registry
2023-10-16T11:41:49.464+05:30  INFO 36108 --- [Eureka-EvictionTimer] c.n.e.registry.AbstractInstanceRegistry  : Running the evict task with compensationTime 0ms
2023-10-16T11:42:49.466+05:30  INFO 36108 --- [Eureka-EvictionTimer] c.n.e.registry.AbstractInstanceRegistry  : Running the evict task with compensationTime 1ms
2023-10-16T11:43:49.467+05:30  INFO 36108 --- [Eureka-EvictionTimer] c.n.e.registry.AbstractInstanceRegistry  : Running the evict task with compensationTime 0ms
2023-10-16T11:44:49.467+05:30  INFO 36108 --- [Eureka-EvictionTimer] c.n.e.registry.AbstractInstanceRegistry  : Running the evict task with compensationTime 0ms
2023-10-16T11:45:49.467+05:30  INFO 36108 --- [Eureka-EvictionTimer] c.n.e.registry.AbstractInstanceRegistry  : Running the evict task with compensationTime 0ms
2023-10-16T11:46:49.467+05:30  INFO 36108 --- [Eureka-EvictionTimer] c.n.e.registry.AbstractInstanceRegistry  : Running the evict task with compensationTime 0ms
2023-10-16T11:47:49.468+05:30  INFO 36108 --- [Eureka-EvictionTimer] c.n.e.registry.AbstractInstanceRegistry  : Running the evict task with compensationTime 0ms
2023-10-16T11:48:49.468+05:30  INFO 36108 --- [Eureka-EvictionTimer] c.n.e.registry.AbstractInstanceRegistry  : Running the evict task with compensationTime 0ms
2023-10-16T11:49:49.469+05:30  INFO 36108 --- [Eureka-EvictionTimer] c.n.e.registry.AbstractInstanceRegistry  : Running the evict task with compensationTime 0ms
2023-10-16T11:50:49.469+05:30  INFO 36108 --- [Eureka-EvictionTimer] c.n.e.registry.AbstractInstanceRegistry  : Running the evict task with compensationTime 0ms
2023-10-16T11:51:49.019+05:30  WARN 36108 --- [Eureka-PeerNodesUpdater] c.n.eureka.cluster.PeerEurekaNodes       : The replica size seems to be empty. Check the route 53 DNS Registry
2023-10-16T11:51:49.469+05:30  INFO 36108 --- [Eureka-EvictionTimer] c.n.e.registry.AbstractInstanceRegistry  : Running the evict task with compensationTime 0ms
2023-10-16T11:52:49.469+05:30  INFO 36108 --- [Eureka-EvictionTimer] c.n.e.registry.AbstractInstanceRegistry  : Running the evict task with compensationTime 0ms
2023-10-16T11:53:49.470+05:30  INFO 36108 --- [Eureka-EvictionTimer] c.n.e.registry.AbstractInstanceRegistry  : Running the evict task with compensationTime 0ms
2023-10-16T11:54:49.470+05:30  INFO 36108 --- [Eureka-EvictionTimer] c.n.e.registry.AbstractInstanceRegistry  : Running the evict task with compensationTime 0ms
2023-10-16T11:55:49.470+05:30  INFO 36108 --- [Eureka-EvictionTimer] c.n.e.registry.AbstractInstanceRegistry  : Running the evict task with compensationTime 0ms
2023-10-16T11:56:48.982+05:30  INFO 36108 --- [ReplicaAwareInstanceRegistry - RenewalThresholdUpdater] c.n.e.r.PeerAwareInstanceRegistryImpl    : Current renewal threshold is : 6
2023-10-16T11:56:49.471+05:30  INFO 36108 --- [Eureka-EvictionTimer] c.n.e.registry.AbstractInstanceRegistry  : Running the evict task with compensationTime 0ms
2023-10-16T11:57:49.471+05:30  INFO 36108 --- [Eureka-EvictionTimer] c.n.e.registry.AbstractInstanceRegistry  : Running the evict task with compensationTime 0ms
2023-10-16T11:58:49.471+05:30  INFO 36108 --- [Eureka-EvictionTimer] c.n.e.registry.AbstractInstanceRegistry  : Running the evict task with compensationTime 0ms
2023-10-16T11:59:49.472+05:30  INFO 36108 --- [Eureka-EvictionTimer] c.n.e.registry.AbstractInstanceRegistry  : Running the evict task with compensationTime 0ms
2023-10-16T12:00:49.472+05:30  INFO 36108 --- [Eureka-EvictionTimer] c.n.e.registry.AbstractInstanceRegistry  : Running the evict task with compensationTime 0ms
2023-10-16T12:01:49.023+05:30  WARN 36108 --- [Eureka-PeerNodesUpdater] c.n.eureka.cluster.PeerEurekaNodes       : The replica size seems to be empty. Check the route 53 DNS Registry
2023-10-16T12:01:49.488+05:30  INFO 36108 --- [Eureka-EvictionTimer] c.n.e.registry.AbstractInstanceRegistry  : Running the evict task with compensationTime 3ms
2023-10-16T12:02:49.475+05:30  INFO 36108 --- [Eureka-EvictionTimer] c.n.e.registry.AbstractInstanceRegistry  : Running the evict task with compensationTime 0ms
2023-10-16T12:03:34.134+05:30  INFO 36108 --- [http-nio-8761-exec-3] c.n.e.registry.AbstractInstanceRegistry  : Registered instance CONTACTUSSERVICE/LAPTOP-7B8PAC25:CONTACTUSSERVICE:8081 with status DOWN (replication=false)
2023-10-16T12:03:37.729+05:30  INFO 36108 --- [http-nio-8761-exec-2] c.n.e.registry.AbstractInstanceRegistry  : Cancelled instance CONTACTUSSERVICE/LAPTOP-7B8PAC25:CONTACTUSSERVICE:8081 (replication=false)
2023-10-16T12:03:49.475+05:30  INFO 36108 --- [Eureka-EvictionTimer] c.n.e.registry.AbstractInstanceRegistry  : Running the evict task with compensationTime 0ms
2023-10-16T12:03:59.902+05:30  INFO 36108 --- [http-nio-8761-exec-8] c.n.e.registry.AbstractInstanceRegistry  : Registered instance CONTACT/LAPTOP-7B8PAC25:contact:8686 with status UP (replication=false)
2023-10-16T12:04:49.477+05:30  INFO 36108 --- [Eureka-EvictionTimer] c.n.e.registry.AbstractInstanceRegistry  : Running the evict task with compensationTime 1ms
2023-10-16T12:05:49.480+05:30  INFO 36108 --- [Eureka-EvictionTimer] c.n.e.registry.AbstractInstanceRegistry  : Running the evict task with compensationTime 4ms
2023-10-16T12:06:49.488+05:30  INFO 36108 --- [Eureka-EvictionTimer] c.n.e.registry.AbstractInstanceRegistry  : Running the evict task with compensationTime 6ms
2023-10-16T12:07:49.488+05:30  INFO 36108 --- [Eureka-EvictionTimer] c.n.e.registry.AbstractInstanceRegistry  : Running the evict task with compensationTime 0ms
2023-10-16T12:08:49.506+05:30  INFO 36108 --- [Eureka-EvictionTimer] c.n.e.registry.AbstractInstanceRegistry  : Running the evict task with compensationTime 17ms
2023-10-16T12:09:49.515+05:30  INFO 36108 --- [Eureka-EvictionTimer] c.n.e.registry.AbstractInstanceRegistry  : Running the evict task with compensationTime 8ms
2023-10-16T12:10:49.531+05:30  INFO 36108 --- [Eureka-EvictionTimer] c.n.e.registry.AbstractInstanceRegistry  : Running the evict task with compensationTime 16ms
2023-10-16T12:11:48.999+05:30  INFO 36108 --- [ReplicaAwareInstanceRegistry - RenewalThresholdUpdater] c.n.e.r.PeerAwareInstanceRegistryImpl    : Current renewal threshold is : 6
2023-10-16T12:11:49.033+05:30  WARN 36108 --- [Eureka-PeerNodesUpdater] c.n.eureka.cluster.PeerEurekaNodes       : The replica size seems to be empty. Check the route 53 DNS Registry
2023-10-16T12:11:49.537+05:30  INFO 36108 --- [Eureka-EvictionTimer] c.n.e.registry.AbstractInstanceRegistry  : Running the evict task with compensationTime 5ms
2023-10-16T12:12:49.549+05:30  INFO 36108 --- [Eureka-EvictionTimer] c.n.e.registry.AbstractInstanceRegistry  : Running the evict task with compensationTime 12ms
2023-10-16T12:13:49.559+05:30  INFO 36108 --- [Eureka-EvictionTimer] c.n.e.registry.AbstractInstanceRegistry  : Running the evict task with compensationTime 9ms
2023-10-16T12:14:49.573+05:30  INFO 36108 --- [Eureka-EvictionTimer] c.n.e.registry.AbstractInstanceRegistry  : Running the evict task with compensationTime 14ms
2023-10-16T12:15:49.581+05:30  INFO 36108 --- [Eureka-EvictionTimer] c.n.e.registry.AbstractInstanceRegistry  : Running the evict task with compensationTime 7ms
2023-10-16T12:16:49.584+05:30  INFO 36108 --- [Eureka-EvictionTimer] c.n.e.registry.AbstractInstanceRegistry  : Running the evict task with compensationTime 3ms
2023-10-16T12:17:49.588+05:30  INFO 36108 --- [Eureka-EvictionTimer] c.n.e.registry.AbstractInstanceRegistry  : Running the evict task with compensationTime 4ms
2023-10-16T12:18:49.603+05:30  INFO 36108 --- [Eureka-EvictionTimer] c.n.e.registry.AbstractInstanceRegistry  : Running the evict task with compensationTime 14ms
2023-10-16T12:19:49.619+05:30  INFO 36108 --- [Eureka-EvictionTimer] c.n.e.registry.AbstractInstanceRegistry  : Running the evict task with compensationTime 15ms
2023-10-16T12:20:49.626+05:30  INFO 36108 --- [Eureka-EvictionTimer] c.n.e.registry.AbstractInstanceRegistry  : Running the evict task with compensationTime 7ms
2023-10-16T12:21:49.049+05:30  WARN 36108 --- [Eureka-PeerNodesUpdater] c.n.eureka.cluster.PeerEurekaNodes       : The replica size seems to be empty. Check the route 53 DNS Registry
2023-10-16T12:21:49.637+05:30  INFO 36108 --- [Eureka-EvictionTimer] c.n.e.registry.AbstractInstanceRegistry  : Running the evict task with compensationTime 10ms
2023-10-16T12:22:49.647+05:30  INFO 36108 --- [Eureka-EvictionTimer] c.n.e.registry.AbstractInstanceRegistry  : Running the evict task with compensationTime 10ms
2023-10-16T12:23:49.654+05:30  INFO 36108 --- [Eureka-EvictionTimer] c.n.e.registry.AbstractInstanceRegistry  : Running the evict task with compensationTime 6ms
2023-10-16T12:24:49.668+05:30  INFO 36108 --- [Eureka-EvictionTimer] c.n.e.registry.AbstractInstanceRegistry  : Running the evict task with compensationTime 14ms
2023-10-16T12:25:49.681+05:30  INFO 36108 --- [Eureka-EvictionTimer] c.n.e.registry.AbstractInstanceRegistry  : Running the evict task with compensationTime 13ms
2023-10-16T12:26:48.988+05:30  INFO 36108 --- [ReplicaAwareInstanceRegistry - RenewalThresholdUpdater] c.n.e.r.PeerAwareInstanceRegistryImpl    : Current renewal threshold is : 6
2023-10-16T12:26:49.693+05:30  INFO 36108 --- [Eureka-EvictionTimer] c.n.e.registry.AbstractInstanceRegistry  : Running the evict task with compensationTime 11ms
2023-10-16T12:27:49.705+05:30  INFO 36108 --- [Eureka-EvictionTimer] c.n.e.registry.AbstractInstanceRegistry  : Running the evict task with compensationTime 12ms
2023-10-16T12:28:49.707+05:30  INFO 36108 --- [Eureka-EvictionTimer] c.n.e.registry.AbstractInstanceRegistry  : Running the evict task with compensationTime 2ms
2023-10-16T12:29:49.716+05:30  INFO 36108 --- [Eureka-EvictionTimer] c.n.e.registry.AbstractInstanceRegistry  : Running the evict task with compensationTime 9ms
2023-10-16T12:30:49.724+05:30  INFO 36108 --- [Eureka-EvictionTimer] c.n.e.registry.AbstractInstanceRegistry  : Running the evict task with compensationTime 10ms
2023-10-16T12:31:49.065+05:30  WARN 36108 --- [Eureka-PeerNodesUpdater] c.n.eureka.cluster.PeerEurekaNodes       : The replica size seems to be empty. Check the route 53 DNS Registry
2023-10-16T12:31:49.725+05:30  INFO 36108 --- [Eureka-EvictionTimer] c.n.e.registry.AbstractInstanceRegistry  : Running the evict task with compensationTime 0ms
2023-10-16T12:32:49.733+05:30  INFO 36108 --- [Eureka-EvictionTimer] c.n.e.registry.AbstractInstanceRegistry  : Running the evict task with compensationTime 8ms
2023-10-16T12:33:49.739+05:30  INFO 36108 --- [Eureka-EvictionTimer] c.n.e.registry.AbstractInstanceRegistry  : Running the evict task with compensationTime 5ms
2023-10-16T12:34:49.743+05:30  INFO 36108 --- [Eureka-EvictionTimer] c.n.e.registry.AbstractInstanceRegistry  : Running the evict task with compensationTime 4ms
2023-10-16T12:35:49.749+05:30  INFO 36108 --- [Eureka-EvictionTimer] c.n.e.registry.AbstractInstanceRegistry  : Running the evict task with compensationTime 5ms
2023-10-16T12:36:49.751+05:30  INFO 36108 --- [Eureka-EvictionTimer] c.n.e.registry.AbstractInstanceRegistry  : Running the evict task with compensationTime 2ms
2023-10-16T12:37:49.762+05:30  INFO 36108 --- [Eureka-EvictionTimer] c.n.e.registry.AbstractInstanceRegistry  : Running the evict task with compensationTime 10ms
2023-10-16T12:38:49.775+05:30  INFO 36108 --- [Eureka-EvictionTimer] c.n.e.registry.AbstractInstanceRegistry  : Running the evict task with compensationTime 13ms
2023-10-16T12:39:49.776+05:30  INFO 36108 --- [Eureka-EvictionTimer] c.n.e.registry.AbstractInstanceRegistry  : Running the evict task with compensationTime 0ms
2023-10-16T12:40:49.779+05:30  INFO 36108 --- [Eureka-EvictionTimer] c.n.e.registry.AbstractInstanceRegistry  : Running the evict task with compensationTime 3ms
2023-10-16T12:41:48.990+05:30  INFO 36108 --- [ReplicaAwareInstanceRegistry - RenewalThresholdUpdater] c.n.e.r.PeerAwareInstanceRegistryImpl    : Current renewal threshold is : 6
2023-10-16T12:41:49.069+05:30  WARN 36108 --- [Eureka-PeerNodesUpdater] c.n.eureka.cluster.PeerEurekaNodes       : The replica size seems to be empty. Check the route 53 DNS Registry
2023-10-16T12:41:49.782+05:30  INFO 36108 --- [Eureka-EvictionTimer] c.n.e.registry.AbstractInstanceRegistry  : Running the evict task with compensationTime 2ms
2023-10-16T12:42:49.803+05:30  INFO 36108 --- [Eureka-EvictionTimer] c.n.e.registry.AbstractInstanceRegistry  : Running the evict task with compensationTime 15ms
2023-10-16T12:43:49.801+05:30  INFO 36108 --- [Eureka-EvictionTimer] c.n.e.registry.AbstractInstanceRegistry  : Running the evict task with compensationTime 3ms
2023-10-16T13:56:18.623+05:30  WARN 36108 --- [HikariPool-1 housekeeper] com.zaxxer.hikari.pool.HikariPool        : HikariPool-1 - Thread starvation or clock leap detected (housekeeper delta=1h11m59s81ms70µs700ns).
2023-10-16T13:56:18.886+05:30  INFO 36108 --- [Eureka-EvictionTimer] c.n.e.registry.AbstractInstanceRegistry  : Running the evict task with compensationTime 4289084ms
2023-10-16T13:57:18.925+05:30  INFO 36108 --- [Eureka-EvictionTimer] c.n.e.registry.AbstractInstanceRegistry  : Running the evict task with compensationTime 39ms
2023-10-16T13:58:18.928+05:30  INFO 36108 --- [Eureka-EvictionTimer] c.n.e.registry.AbstractInstanceRegistry  : Running the evict task with compensationTime 2ms
2023-10-16T13:59:18.933+05:30  INFO 36108 --- [Eureka-EvictionTimer] c.n.e.registry.AbstractInstanceRegistry  : Running the evict task with compensationTime 6ms
2023-10-16T14:00:18.947+05:30  INFO 36108 --- [Eureka-EvictionTimer] c.n.e.registry.AbstractInstanceRegistry  : Running the evict task with compensationTime 13ms
2023-10-16T14:33:12.869+05:30  WARN 36108 --- [HikariPool-1 housekeeper] com.zaxxer.hikari.pool.HikariPool        : HikariPool-1 - Thread starvation or clock leap detected (housekeeper delta=32m54s191ms351µs100ns).
2023-10-16T14:33:43.130+05:30  INFO 36108 --- [Eureka-EvictionTimer] c.n.e.registry.AbstractInstanceRegistry  : Running the evict task with compensationTime 1944183ms
2023-10-16T14:34:43.146+05:30  INFO 36108 --- [Eureka-EvictionTimer] c.n.e.registry.AbstractInstanceRegistry  : Running the evict task with compensationTime 14ms
2023-10-16T14:35:42.352+05:30  WARN 36108 --- [Eureka-PeerNodesUpdater] c.n.eureka.cluster.PeerEurekaNodes       : The replica size seems to be empty. Check the route 53 DNS Registry
2023-10-16T14:35:43.146+05:30  INFO 36108 --- [Eureka-EvictionTimer] c.n.e.registry.AbstractInstanceRegistry  : Running the evict task with compensationTime 0ms
2023-10-16T14:36:43.157+05:30  INFO 36108 --- [Eureka-EvictionTimer] c.n.e.registry.AbstractInstanceRegistry  : Running the evict task with compensationTime 11ms
2023-10-16T14:37:43.157+05:30  INFO 36108 --- [Eureka-EvictionTimer] c.n.e.registry.AbstractInstanceRegistry  : Running the evict task with compensationTime 0ms
2023-10-16T14:38:43.166+05:30  INFO 36108 --- [Eureka-EvictionTimer] c.n.e.registry.AbstractInstanceRegistry  : Running the evict task with compensationTime 9ms
2023-10-16T14:39:43.175+05:30  INFO 36108 --- [Eureka-EvictionTimer] c.n.e.registry.AbstractInstanceRegistry  : Running the evict task with compensationTime 8ms
2023-10-16T14:40:42.260+05:30  INFO 36108 --- [ReplicaAwareInstanceRegistry - RenewalThresholdUpdater] c.n.e.r.PeerAwareInstanceRegistryImpl    : Current renewal threshold is : 6
2023-10-16T14:40:43.175+05:30  INFO 36108 --- [Eureka-EvictionTimer] c.n.e.registry.AbstractInstanceRegistry  : Running the evict task with compensationTime 0ms
2023-10-16T14:41:43.176+05:30  INFO 36108 --- [Eureka-EvictionTimer] c.n.e.registry.AbstractInstanceRegistry  : Running the evict task with compensationTime 0ms
2023-10-16T14:42:43.177+05:30  INFO 36108 --- [Eureka-EvictionTimer] c.n.e.registry.AbstractInstanceRegistry  : Running the evict task with compensationTime 0ms
2023-10-16T14:43:43.181+05:30  INFO 36108 --- [Eureka-EvictionTimer] c.n.e.registry.AbstractInstanceRegistry  : Running the evict task with compensationTime 4ms
2023-10-16T14:44:43.184+05:30  INFO 36108 --- [Eureka-EvictionTimer] c.n.e.registry.AbstractInstanceRegistry  : Running the evict task with compensationTime 3ms
2023-10-16T14:45:42.361+05:30  WARN 36108 --- [Eureka-PeerNodesUpdater] c.n.eureka.cluster.PeerEurekaNodes       : The replica size seems to be empty. Check the route 53 DNS Registry
2023-10-16T14:45:43.186+05:30  INFO 36108 --- [Eureka-EvictionTimer] c.n.e.registry.AbstractInstanceRegistry  : Running the evict task with compensationTime 1ms
2023-10-16T14:46:43.192+05:30  INFO 36108 --- [Eureka-EvictionTimer] c.n.e.registry.AbstractInstanceRegistry  : Running the evict task with compensationTime 6ms
2023-10-16T14:47:43.207+05:30  INFO 36108 --- [Eureka-EvictionTimer] c.n.e.registry.AbstractInstanceRegistry  : Running the evict task with compensationTime 14ms
2023-10-16T14:48:43.208+05:30  INFO 36108 --- [Eureka-EvictionTimer] c.n.e.registry.AbstractInstanceRegistry  : Running the evict task with compensationTime 1ms
2023-10-16T14:49:43.219+05:30  INFO 36108 --- [Eureka-EvictionTimer] c.n.e.registry.AbstractInstanceRegistry  : Running the evict task with compensationTime 10ms
2023-10-16T14:50:43.228+05:30  INFO 36108 --- [Eureka-EvictionTimer] c.n.e.registry.AbstractInstanceRegistry  : Running the evict task with compensationTime 8ms
2023-10-16T14:51:43.237+05:30  INFO 36108 --- [Eureka-EvictionTimer] c.n.e.registry.AbstractInstanceRegistry  : Running the evict task with compensationTime 9ms
2023-10-16T14:52:43.245+05:30  INFO 36108 --- [Eureka-EvictionTimer] c.n.e.registry.AbstractInstanceRegistry  : Running the evict task with compensationTime 2ms
2023-10-16T14:53:43.254+05:30  INFO 36108 --- [Eureka-EvictionTimer] c.n.e.registry.AbstractInstanceRegistry  : Running the evict task with compensationTime 14ms
2023-10-16T14:57:52.318+05:30  WARN 36108 --- [HikariPool-1 housekeeper] com.zaxxer.hikari.pool.HikariPool        : HikariPool-1 - Thread starvation or clock leap detected (housekeeper delta=4m9s159ms667µs500ns).
2023-10-16T14:58:22.413+05:30  INFO 36108 --- [Eureka-EvictionTimer] c.n.e.registry.AbstractInstanceRegistry  : Running the evict task with compensationTime 219158ms
2023-10-16T14:59:21.407+05:30  INFO 36108 --- [ReplicaAwareInstanceRegistry - RenewalThresholdUpdater] c.n.e.r.PeerAwareInstanceRegistryImpl    : Current renewal threshold is : 6
2023-10-16T14:59:21.522+05:30  WARN 36108 --- [Eureka-PeerNodesUpdater] c.n.eureka.cluster.PeerEurekaNodes       : The replica size seems to be empty. Check the route 53 DNS Registry
2023-10-16T14:59:22.418+05:30  INFO 36108 --- [Eureka-EvictionTimer] c.n.e.registry.AbstractInstanceRegistry  : Running the evict task with compensationTime 5ms
2023-10-16T15:00:22.425+05:30  INFO 36108 --- [Eureka-EvictionTimer] c.n.e.registry.AbstractInstanceRegistry  : Running the evict task with compensationTime 6ms
2023-10-16T15:01:22.425+05:30  INFO 36108 --- [Eureka-EvictionTimer] c.n.e.registry.AbstractInstanceRegistry  : Running the evict task with compensationTime 0ms
2023-10-16T15:02:22.426+05:30  INFO 36108 --- [Eureka-EvictionTimer] c.n.e.registry.AbstractInstanceRegistry  : Running the evict task with compensationTime 1ms
